<?xml version="1.0" encoding="UTF-8"?>
<testsuite xmlns:xsi="http://www.w3.org/2001/XMLSchema-instance" xsi:noNamespaceSchemaLocation="https://maven.apache.org/surefire/maven-surefire-plugin/xsd/surefire-test-report.xsd" name="com.example.hystrixdashboard.HystrixDashboardApplicationTests" time="4.187" tests="1" errors="0" skipped="0" failures="0">
  <properties>
    <property name="gopherProxySet" value="false"/>
    <property name="awt.toolkit" value="sun.lwawt.macosx.LWCToolkit"/>
    <property name="file.encoding.pkg" value="sun.io"/>
    <property name="java.specification.version" value="1.8"/>
    <property name="sun.cpu.isalist" value=""/>
    <property name="sun.jnu.encoding" value="UTF-8"/>
    <property name="java.class.path" value="/Users/yuhao/IdeaProjects/spring-cloud/hystrix-dashboard/target/test-classes:/Users/yuhao/IdeaProjects/spring-cloud/hystrix-dashboard/target/classes:/Users/yuhao/.m2/repository/org/springframework/boot/spring-boot-starter-web/2.2.5.RELEASE/spring-boot-starter-web-2.2.5.RELEASE.jar:/Users/yuhao/.m2/repository/org/springframework/boot/spring-boot-starter/2.2.5.RELEASE/spring-boot-starter-2.2.5.RELEASE.jar:/Users/yuhao/.m2/repository/org/springframework/boot/spring-boot/2.2.5.RELEASE/spring-boot-2.2.5.RELEASE.jar:/Users/yuhao/.m2/repository/org/springframework/boot/spring-boot-autoconfigure/2.2.5.RELEASE/spring-boot-autoconfigure-2.2.5.RELEASE.jar:/Users/yuhao/.m2/repository/org/springframework/boot/spring-boot-starter-logging/2.2.5.RELEASE/spring-boot-starter-logging-2.2.5.RELEASE.jar:/Users/yuhao/.m2/repository/ch/qos/logback/logback-classic/1.2.3/logback-classic-1.2.3.jar:/Users/yuhao/.m2/repository/ch/qos/logback/logback-core/1.2.3/logback-core-1.2.3.jar:/Users/yuhao/.m2/repository/org/apache/logging/log4j/log4j-to-slf4j/2.12.1/log4j-to-slf4j-2.12.1.jar:/Users/yuhao/.m2/repository/org/apache/logging/log4j/log4j-api/2.12.1/log4j-api-2.12.1.jar:/Users/yuhao/.m2/repository/org/slf4j/jul-to-slf4j/1.7.30/jul-to-slf4j-1.7.30.jar:/Users/yuhao/.m2/repository/jakarta/annotation/jakarta.annotation-api/1.3.5/jakarta.annotation-api-1.3.5.jar:/Users/yuhao/.m2/repository/org/yaml/snakeyaml/1.25/snakeyaml-1.25.jar:/Users/yuhao/.m2/repository/org/springframework/boot/spring-boot-starter-json/2.2.5.RELEASE/spring-boot-starter-json-2.2.5.RELEASE.jar:/Users/yuhao/.m2/repository/com/fasterxml/jackson/core/jackson-databind/2.10.2/jackson-databind-2.10.2.jar:/Users/yuhao/.m2/repository/com/fasterxml/jackson/core/jackson-annotations/2.10.2/jackson-annotations-2.10.2.jar:/Users/yuhao/.m2/repository/com/fasterxml/jackson/core/jackson-core/2.10.2/jackson-core-2.10.2.jar:/Users/yuhao/.m2/repository/com/fasterxml/jackson/datatype/jackson-datatype-jdk8/2.10.2/jackson-datatype-jdk8-2.10.2.jar:/Users/yuhao/.m2/repository/com/fasterxml/jackson/datatype/jackson-datatype-jsr310/2.10.2/jackson-datatype-jsr310-2.10.2.jar:/Users/yuhao/.m2/repository/com/fasterxml/jackson/module/jackson-module-parameter-names/2.10.2/jackson-module-parameter-names-2.10.2.jar:/Users/yuhao/.m2/repository/org/springframework/boot/spring-boot-starter-tomcat/2.2.5.RELEASE/spring-boot-starter-tomcat-2.2.5.RELEASE.jar:/Users/yuhao/.m2/repository/org/apache/tomcat/embed/tomcat-embed-core/9.0.31/tomcat-embed-core-9.0.31.jar:/Users/yuhao/.m2/repository/org/apache/tomcat/embed/tomcat-embed-el/9.0.31/tomcat-embed-el-9.0.31.jar:/Users/yuhao/.m2/repository/org/apache/tomcat/embed/tomcat-embed-websocket/9.0.31/tomcat-embed-websocket-9.0.31.jar:/Users/yuhao/.m2/repository/org/springframework/boot/spring-boot-starter-validation/2.2.5.RELEASE/spring-boot-starter-validation-2.2.5.RELEASE.jar:/Users/yuhao/.m2/repository/jakarta/validation/jakarta.validation-api/2.0.2/jakarta.validation-api-2.0.2.jar:/Users/yuhao/.m2/repository/org/hibernate/validator/hibernate-validator/6.0.18.Final/hibernate-validator-6.0.18.Final.jar:/Users/yuhao/.m2/repository/org/jboss/logging/jboss-logging/3.4.1.Final/jboss-logging-3.4.1.Final.jar:/Users/yuhao/.m2/repository/com/fasterxml/classmate/1.5.1/classmate-1.5.1.jar:/Users/yuhao/.m2/repository/org/springframework/spring-web/5.2.4.RELEASE/spring-web-5.2.4.RELEASE.jar:/Users/yuhao/.m2/repository/org/springframework/spring-beans/5.2.4.RELEASE/spring-beans-5.2.4.RELEASE.jar:/Users/yuhao/.m2/repository/org/springframework/spring-webmvc/5.2.4.RELEASE/spring-webmvc-5.2.4.RELEASE.jar:/Users/yuhao/.m2/repository/org/springframework/spring-aop/5.2.4.RELEASE/spring-aop-5.2.4.RELEASE.jar:/Users/yuhao/.m2/repository/org/springframework/spring-context/5.2.4.RELEASE/spring-context-5.2.4.RELEASE.jar:/Users/yuhao/.m2/repository/org/springframework/spring-expression/5.2.4.RELEASE/spring-expression-5.2.4.RELEASE.jar:/Users/yuhao/.m2/repository/org/springframework/boot/spring-boot-starter-test/2.2.5.RELEASE/spring-boot-starter-test-2.2.5.RELEASE.jar:/Users/yuhao/.m2/repository/org/springframework/boot/spring-boot-test/2.2.5.RELEASE/spring-boot-test-2.2.5.RELEASE.jar:/Users/yuhao/.m2/repository/org/springframework/boot/spring-boot-test-autoconfigure/2.2.5.RELEASE/spring-boot-test-autoconfigure-2.2.5.RELEASE.jar:/Users/yuhao/.m2/repository/com/jayway/jsonpath/json-path/2.4.0/json-path-2.4.0.jar:/Users/yuhao/.m2/repository/net/minidev/json-smart/2.3/json-smart-2.3.jar:/Users/yuhao/.m2/repository/net/minidev/accessors-smart/1.2/accessors-smart-1.2.jar:/Users/yuhao/.m2/repository/org/ow2/asm/asm/5.0.4/asm-5.0.4.jar:/Users/yuhao/.m2/repository/org/slf4j/slf4j-api/1.7.30/slf4j-api-1.7.30.jar:/Users/yuhao/.m2/repository/jakarta/xml/bind/jakarta.xml.bind-api/2.3.2/jakarta.xml.bind-api-2.3.2.jar:/Users/yuhao/.m2/repository/jakarta/activation/jakarta.activation-api/1.2.2/jakarta.activation-api-1.2.2.jar:/Users/yuhao/.m2/repository/org/junit/jupiter/junit-jupiter/5.5.2/junit-jupiter-5.5.2.jar:/Users/yuhao/.m2/repository/org/junit/jupiter/junit-jupiter-api/5.5.2/junit-jupiter-api-5.5.2.jar:/Users/yuhao/.m2/repository/org/apiguardian/apiguardian-api/1.1.0/apiguardian-api-1.1.0.jar:/Users/yuhao/.m2/repository/org/opentest4j/opentest4j/1.2.0/opentest4j-1.2.0.jar:/Users/yuhao/.m2/repository/org/junit/platform/junit-platform-commons/1.5.2/junit-platform-commons-1.5.2.jar:/Users/yuhao/.m2/repository/org/junit/jupiter/junit-jupiter-params/5.5.2/junit-jupiter-params-5.5.2.jar:/Users/yuhao/.m2/repository/org/junit/jupiter/junit-jupiter-engine/5.5.2/junit-jupiter-engine-5.5.2.jar:/Users/yuhao/.m2/repository/org/junit/platform/junit-platform-engine/1.5.2/junit-platform-engine-1.5.2.jar:/Users/yuhao/.m2/repository/org/mockito/mockito-junit-jupiter/3.1.0/mockito-junit-jupiter-3.1.0.jar:/Users/yuhao/.m2/repository/org/assertj/assertj-core/3.13.2/assertj-core-3.13.2.jar:/Users/yuhao/.m2/repository/org/hamcrest/hamcrest/2.1/hamcrest-2.1.jar:/Users/yuhao/.m2/repository/org/mockito/mockito-core/3.1.0/mockito-core-3.1.0.jar:/Users/yuhao/.m2/repository/net/bytebuddy/byte-buddy/1.10.8/byte-buddy-1.10.8.jar:/Users/yuhao/.m2/repository/net/bytebuddy/byte-buddy-agent/1.10.8/byte-buddy-agent-1.10.8.jar:/Users/yuhao/.m2/repository/org/objenesis/objenesis/2.6/objenesis-2.6.jar:/Users/yuhao/.m2/repository/org/skyscreamer/jsonassert/1.5.0/jsonassert-1.5.0.jar:/Users/yuhao/.m2/repository/com/vaadin/external/google/android-json/0.0.20131108.vaadin1/android-json-0.0.20131108.vaadin1.jar:/Users/yuhao/.m2/repository/org/springframework/spring-core/5.2.4.RELEASE/spring-core-5.2.4.RELEASE.jar:/Users/yuhao/.m2/repository/org/springframework/spring-jcl/5.2.4.RELEASE/spring-jcl-5.2.4.RELEASE.jar:/Users/yuhao/.m2/repository/org/springframework/spring-test/5.2.4.RELEASE/spring-test-5.2.4.RELEASE.jar:/Users/yuhao/.m2/repository/org/xmlunit/xmlunit-core/2.6.3/xmlunit-core-2.6.3.jar:/Users/yuhao/.m2/repository/org/springframework/cloud/spring-cloud-starter-netflix-hystrix-dashboard/2.2.3.RELEASE/spring-cloud-starter-netflix-hystrix-dashboard-2.2.3.RELEASE.jar:/Users/yuhao/.m2/repository/org/springframework/cloud/spring-cloud-starter/2.2.3.RELEASE/spring-cloud-starter-2.2.3.RELEASE.jar:/Users/yuhao/.m2/repository/org/springframework/cloud/spring-cloud-context/2.2.3.RELEASE/spring-cloud-context-2.2.3.RELEASE.jar:/Users/yuhao/.m2/repository/org/springframework/security/spring-security-crypto/5.2.2.RELEASE/spring-security-crypto-5.2.2.RELEASE.jar:/Users/yuhao/.m2/repository/org/springframework/cloud/spring-cloud-commons/2.2.3.RELEASE/spring-cloud-commons-2.2.3.RELEASE.jar:/Users/yuhao/.m2/repository/org/springframework/security/spring-security-rsa/1.0.9.RELEASE/spring-security-rsa-1.0.9.RELEASE.jar:/Users/yuhao/.m2/repository/org/bouncycastle/bcpkix-jdk15on/1.64/bcpkix-jdk15on-1.64.jar:/Users/yuhao/.m2/repository/org/bouncycastle/bcprov-jdk15on/1.64/bcprov-jdk15on-1.64.jar:/Users/yuhao/.m2/repository/org/springframework/cloud/spring-cloud-netflix-hystrix-dashboard/2.2.3.RELEASE/spring-cloud-netflix-hystrix-dashboard-2.2.3.RELEASE.jar:/Users/yuhao/.m2/repository/org/springframework/boot/spring-boot-starter-freemarker/2.2.5.RELEASE/spring-boot-starter-freemarker-2.2.5.RELEASE.jar:/Users/yuhao/.m2/repository/org/freemarker/freemarker/2.3.29/freemarker-2.3.29.jar:/Users/yuhao/.m2/repository/org/springframework/spring-context-support/5.2.4.RELEASE/spring-context-support-5.2.4.RELEASE.jar:/Users/yuhao/.m2/repository/org/springframework/cloud/spring-cloud-netflix-hystrix/2.2.3.RELEASE/spring-cloud-netflix-hystrix-2.2.3.RELEASE.jar:/Users/yuhao/.m2/repository/org/springframework/boot/spring-boot-starter-aop/2.2.5.RELEASE/spring-boot-starter-aop-2.2.5.RELEASE.jar:/Users/yuhao/.m2/repository/org/aspectj/aspectjweaver/1.9.5/aspectjweaver-1.9.5.jar:/Users/yuhao/.m2/repository/org/apache/httpcomponents/httpclient/4.5.11/httpclient-4.5.11.jar:/Users/yuhao/.m2/repository/org/apache/httpcomponents/httpcore/4.4.13/httpcore-4.4.13.jar:/Users/yuhao/.m2/repository/commons-codec/commons-codec/1.13/commons-codec-1.13.jar:/Users/yuhao/.m2/repository/com/netflix/hystrix/hystrix-core/1.5.18/hystrix-core-1.5.18.jar:/Users/yuhao/.m2/repository/io/reactivex/rxjava/1.3.8/rxjava-1.3.8.jar:/Users/yuhao/.m2/repository/org/hdrhistogram/HdrHistogram/2.1.9/HdrHistogram-2.1.9.jar:/Users/yuhao/.m2/repository/com/netflix/hystrix/hystrix-metrics-event-stream/1.5.18/hystrix-metrics-event-stream-1.5.18.jar:/Users/yuhao/.m2/repository/com/netflix/hystrix/hystrix-serialization/1.5.18/hystrix-serialization-1.5.18.jar:/Users/yuhao/.m2/repository/com/fasterxml/jackson/module/jackson-module-afterburner/2.10.2/jackson-module-afterburner-2.10.2.jar:/Users/yuhao/.m2/repository/org/webjars/jquery/3.4.1/jquery-3.4.1.jar:/Users/yuhao/.m2/repository/org/webjars/d3js/3.4.11/d3js-3.4.11.jar:/Users/yuhao/.m2/repository/org/springframework/cloud/spring-cloud-starter-netflix-archaius/2.2.3.RELEASE/spring-cloud-starter-netflix-archaius-2.2.3.RELEASE.jar:/Users/yuhao/.m2/repository/org/springframework/cloud/spring-cloud-netflix-ribbon/2.2.3.RELEASE/spring-cloud-netflix-ribbon-2.2.3.RELEASE.jar:/Users/yuhao/.m2/repository/org/springframework/cloud/spring-cloud-netflix-archaius/2.2.3.RELEASE/spring-cloud-netflix-archaius-2.2.3.RELEASE.jar:/Users/yuhao/.m2/repository/com/netflix/archaius/archaius-core/0.7.6/archaius-core-0.7.6.jar:/Users/yuhao/.m2/repository/com/google/code/findbugs/jsr305/3.0.1/jsr305-3.0.1.jar:/Users/yuhao/.m2/repository/com/google/guava/guava/29.0-android/guava-29.0-android.jar:/Users/yuhao/.m2/repository/com/google/guava/failureaccess/1.0.1/failureaccess-1.0.1.jar:/Users/yuhao/.m2/repository/com/google/guava/listenablefuture/9999.0-empty-to-avoid-conflict-with-guava/listenablefuture-9999.0-empty-to-avoid-conflict-with-guava.jar:/Users/yuhao/.m2/repository/org/checkerframework/checker-compat-qual/2.5.5/checker-compat-qual-2.5.5.jar:/Users/yuhao/.m2/repository/com/google/errorprone/error_prone_annotations/2.3.4/error_prone_annotations-2.3.4.jar:/Users/yuhao/.m2/repository/com/google/j2objc/j2objc-annotations/1.3/j2objc-annotations-1.3.jar:/Users/yuhao/.m2/repository/commons-configuration/commons-configuration/1.8/commons-configuration-1.8.jar:/Users/yuhao/.m2/repository/commons-lang/commons-lang/2.6/commons-lang-2.6.jar:"/>
    <property name="java.vm.vendor" value="Oracle Corporation"/>
    <property name="sun.arch.data.model" value="64"/>
    <property name="java.vendor.url" value="http://java.oracle.com/"/>
    <property name="user.timezone" value=""/>
    <property name="java.vm.specification.version" value="1.8"/>
    <property name="os.name" value="Mac OS X"/>
    <property name="user.country" value="CN"/>
    <property name="sun.java.launcher" value="SUN_STANDARD"/>
    <property name="sun.boot.library.path" value="/Library/Java/JavaVirtualMachines/jdk1.8.0_241.jdk/Contents/Home/jre/lib"/>
    <property name="sun.java.command" value="/Users/yuhao/IdeaProjects/spring-cloud/hystrix-dashboard/target/surefire/surefirebooter5767508687966313386.jar /Users/yuhao/IdeaProjects/spring-cloud/hystrix-dashboard/target/surefire 2020-11-01T15-48-00_764-jvmRun1 surefire4918632866231727927tmp surefire_03357656148190165493tmp"/>
    <property name="surefire.test.class.path" value="/Users/yuhao/IdeaProjects/spring-cloud/hystrix-dashboard/target/test-classes:/Users/yuhao/IdeaProjects/spring-cloud/hystrix-dashboard/target/classes:/Users/yuhao/.m2/repository/org/springframework/boot/spring-boot-starter-web/2.2.5.RELEASE/spring-boot-starter-web-2.2.5.RELEASE.jar:/Users/yuhao/.m2/repository/org/springframework/boot/spring-boot-starter/2.2.5.RELEASE/spring-boot-starter-2.2.5.RELEASE.jar:/Users/yuhao/.m2/repository/org/springframework/boot/spring-boot/2.2.5.RELEASE/spring-boot-2.2.5.RELEASE.jar:/Users/yuhao/.m2/repository/org/springframework/boot/spring-boot-autoconfigure/2.2.5.RELEASE/spring-boot-autoconfigure-2.2.5.RELEASE.jar:/Users/yuhao/.m2/repository/org/springframework/boot/spring-boot-starter-logging/2.2.5.RELEASE/spring-boot-starter-logging-2.2.5.RELEASE.jar:/Users/yuhao/.m2/repository/ch/qos/logback/logback-classic/1.2.3/logback-classic-1.2.3.jar:/Users/yuhao/.m2/repository/ch/qos/logback/logback-core/1.2.3/logback-core-1.2.3.jar:/Users/yuhao/.m2/repository/org/apache/logging/log4j/log4j-to-slf4j/2.12.1/log4j-to-slf4j-2.12.1.jar:/Users/yuhao/.m2/repository/org/apache/logging/log4j/log4j-api/2.12.1/log4j-api-2.12.1.jar:/Users/yuhao/.m2/repository/org/slf4j/jul-to-slf4j/1.7.30/jul-to-slf4j-1.7.30.jar:/Users/yuhao/.m2/repository/jakarta/annotation/jakarta.annotation-api/1.3.5/jakarta.annotation-api-1.3.5.jar:/Users/yuhao/.m2/repository/org/yaml/snakeyaml/1.25/snakeyaml-1.25.jar:/Users/yuhao/.m2/repository/org/springframework/boot/spring-boot-starter-json/2.2.5.RELEASE/spring-boot-starter-json-2.2.5.RELEASE.jar:/Users/yuhao/.m2/repository/com/fasterxml/jackson/core/jackson-databind/2.10.2/jackson-databind-2.10.2.jar:/Users/yuhao/.m2/repository/com/fasterxml/jackson/core/jackson-annotations/2.10.2/jackson-annotations-2.10.2.jar:/Users/yuhao/.m2/repository/com/fasterxml/jackson/core/jackson-core/2.10.2/jackson-core-2.10.2.jar:/Users/yuhao/.m2/repository/com/fasterxml/jackson/datatype/jackson-datatype-jdk8/2.10.2/jackson-datatype-jdk8-2.10.2.jar:/Users/yuhao/.m2/repository/com/fasterxml/jackson/datatype/jackson-datatype-jsr310/2.10.2/jackson-datatype-jsr310-2.10.2.jar:/Users/yuhao/.m2/repository/com/fasterxml/jackson/module/jackson-module-parameter-names/2.10.2/jackson-module-parameter-names-2.10.2.jar:/Users/yuhao/.m2/repository/org/springframework/boot/spring-boot-starter-tomcat/2.2.5.RELEASE/spring-boot-starter-tomcat-2.2.5.RELEASE.jar:/Users/yuhao/.m2/repository/org/apache/tomcat/embed/tomcat-embed-core/9.0.31/tomcat-embed-core-9.0.31.jar:/Users/yuhao/.m2/repository/org/apache/tomcat/embed/tomcat-embed-el/9.0.31/tomcat-embed-el-9.0.31.jar:/Users/yuhao/.m2/repository/org/apache/tomcat/embed/tomcat-embed-websocket/9.0.31/tomcat-embed-websocket-9.0.31.jar:/Users/yuhao/.m2/repository/org/springframework/boot/spring-boot-starter-validation/2.2.5.RELEASE/spring-boot-starter-validation-2.2.5.RELEASE.jar:/Users/yuhao/.m2/repository/jakarta/validation/jakarta.validation-api/2.0.2/jakarta.validation-api-2.0.2.jar:/Users/yuhao/.m2/repository/org/hibernate/validator/hibernate-validator/6.0.18.Final/hibernate-validator-6.0.18.Final.jar:/Users/yuhao/.m2/repository/org/jboss/logging/jboss-logging/3.4.1.Final/jboss-logging-3.4.1.Final.jar:/Users/yuhao/.m2/repository/com/fasterxml/classmate/1.5.1/classmate-1.5.1.jar:/Users/yuhao/.m2/repository/org/springframework/spring-web/5.2.4.RELEASE/spring-web-5.2.4.RELEASE.jar:/Users/yuhao/.m2/repository/org/springframework/spring-beans/5.2.4.RELEASE/spring-beans-5.2.4.RELEASE.jar:/Users/yuhao/.m2/repository/org/springframework/spring-webmvc/5.2.4.RELEASE/spring-webmvc-5.2.4.RELEASE.jar:/Users/yuhao/.m2/repository/org/springframework/spring-aop/5.2.4.RELEASE/spring-aop-5.2.4.RELEASE.jar:/Users/yuhao/.m2/repository/org/springframework/spring-context/5.2.4.RELEASE/spring-context-5.2.4.RELEASE.jar:/Users/yuhao/.m2/repository/org/springframework/spring-expression/5.2.4.RELEASE/spring-expression-5.2.4.RELEASE.jar:/Users/yuhao/.m2/repository/org/springframework/boot/spring-boot-starter-test/2.2.5.RELEASE/spring-boot-starter-test-2.2.5.RELEASE.jar:/Users/yuhao/.m2/repository/org/springframework/boot/spring-boot-test/2.2.5.RELEASE/spring-boot-test-2.2.5.RELEASE.jar:/Users/yuhao/.m2/repository/org/springframework/boot/spring-boot-test-autoconfigure/2.2.5.RELEASE/spring-boot-test-autoconfigure-2.2.5.RELEASE.jar:/Users/yuhao/.m2/repository/com/jayway/jsonpath/json-path/2.4.0/json-path-2.4.0.jar:/Users/yuhao/.m2/repository/net/minidev/json-smart/2.3/json-smart-2.3.jar:/Users/yuhao/.m2/repository/net/minidev/accessors-smart/1.2/accessors-smart-1.2.jar:/Users/yuhao/.m2/repository/org/ow2/asm/asm/5.0.4/asm-5.0.4.jar:/Users/yuhao/.m2/repository/org/slf4j/slf4j-api/1.7.30/slf4j-api-1.7.30.jar:/Users/yuhao/.m2/repository/jakarta/xml/bind/jakarta.xml.bind-api/2.3.2/jakarta.xml.bind-api-2.3.2.jar:/Users/yuhao/.m2/repository/jakarta/activation/jakarta.activation-api/1.2.2/jakarta.activation-api-1.2.2.jar:/Users/yuhao/.m2/repository/org/junit/jupiter/junit-jupiter/5.5.2/junit-jupiter-5.5.2.jar:/Users/yuhao/.m2/repository/org/junit/jupiter/junit-jupiter-api/5.5.2/junit-jupiter-api-5.5.2.jar:/Users/yuhao/.m2/repository/org/apiguardian/apiguardian-api/1.1.0/apiguardian-api-1.1.0.jar:/Users/yuhao/.m2/repository/org/opentest4j/opentest4j/1.2.0/opentest4j-1.2.0.jar:/Users/yuhao/.m2/repository/org/junit/platform/junit-platform-commons/1.5.2/junit-platform-commons-1.5.2.jar:/Users/yuhao/.m2/repository/org/junit/jupiter/junit-jupiter-params/5.5.2/junit-jupiter-params-5.5.2.jar:/Users/yuhao/.m2/repository/org/junit/jupiter/junit-jupiter-engine/5.5.2/junit-jupiter-engine-5.5.2.jar:/Users/yuhao/.m2/repository/org/junit/platform/junit-platform-engine/1.5.2/junit-platform-engine-1.5.2.jar:/Users/yuhao/.m2/repository/org/mockito/mockito-junit-jupiter/3.1.0/mockito-junit-jupiter-3.1.0.jar:/Users/yuhao/.m2/repository/org/assertj/assertj-core/3.13.2/assertj-core-3.13.2.jar:/Users/yuhao/.m2/repository/org/hamcrest/hamcrest/2.1/hamcrest-2.1.jar:/Users/yuhao/.m2/repository/org/mockito/mockito-core/3.1.0/mockito-core-3.1.0.jar:/Users/yuhao/.m2/repository/net/bytebuddy/byte-buddy/1.10.8/byte-buddy-1.10.8.jar:/Users/yuhao/.m2/repository/net/bytebuddy/byte-buddy-agent/1.10.8/byte-buddy-agent-1.10.8.jar:/Users/yuhao/.m2/repository/org/objenesis/objenesis/2.6/objenesis-2.6.jar:/Users/yuhao/.m2/repository/org/skyscreamer/jsonassert/1.5.0/jsonassert-1.5.0.jar:/Users/yuhao/.m2/repository/com/vaadin/external/google/android-json/0.0.20131108.vaadin1/android-json-0.0.20131108.vaadin1.jar:/Users/yuhao/.m2/repository/org/springframework/spring-core/5.2.4.RELEASE/spring-core-5.2.4.RELEASE.jar:/Users/yuhao/.m2/repository/org/springframework/spring-jcl/5.2.4.RELEASE/spring-jcl-5.2.4.RELEASE.jar:/Users/yuhao/.m2/repository/org/springframework/spring-test/5.2.4.RELEASE/spring-test-5.2.4.RELEASE.jar:/Users/yuhao/.m2/repository/org/xmlunit/xmlunit-core/2.6.3/xmlunit-core-2.6.3.jar:/Users/yuhao/.m2/repository/org/springframework/cloud/spring-cloud-starter-netflix-hystrix-dashboard/2.2.3.RELEASE/spring-cloud-starter-netflix-hystrix-dashboard-2.2.3.RELEASE.jar:/Users/yuhao/.m2/repository/org/springframework/cloud/spring-cloud-starter/2.2.3.RELEASE/spring-cloud-starter-2.2.3.RELEASE.jar:/Users/yuhao/.m2/repository/org/springframework/cloud/spring-cloud-context/2.2.3.RELEASE/spring-cloud-context-2.2.3.RELEASE.jar:/Users/yuhao/.m2/repository/org/springframework/security/spring-security-crypto/5.2.2.RELEASE/spring-security-crypto-5.2.2.RELEASE.jar:/Users/yuhao/.m2/repository/org/springframework/cloud/spring-cloud-commons/2.2.3.RELEASE/spring-cloud-commons-2.2.3.RELEASE.jar:/Users/yuhao/.m2/repository/org/springframework/security/spring-security-rsa/1.0.9.RELEASE/spring-security-rsa-1.0.9.RELEASE.jar:/Users/yuhao/.m2/repository/org/bouncycastle/bcpkix-jdk15on/1.64/bcpkix-jdk15on-1.64.jar:/Users/yuhao/.m2/repository/org/bouncycastle/bcprov-jdk15on/1.64/bcprov-jdk15on-1.64.jar:/Users/yuhao/.m2/repository/org/springframework/cloud/spring-cloud-netflix-hystrix-dashboard/2.2.3.RELEASE/spring-cloud-netflix-hystrix-dashboard-2.2.3.RELEASE.jar:/Users/yuhao/.m2/repository/org/springframework/boot/spring-boot-starter-freemarker/2.2.5.RELEASE/spring-boot-starter-freemarker-2.2.5.RELEASE.jar:/Users/yuhao/.m2/repository/org/freemarker/freemarker/2.3.29/freemarker-2.3.29.jar:/Users/yuhao/.m2/repository/org/springframework/spring-context-support/5.2.4.RELEASE/spring-context-support-5.2.4.RELEASE.jar:/Users/yuhao/.m2/repository/org/springframework/cloud/spring-cloud-netflix-hystrix/2.2.3.RELEASE/spring-cloud-netflix-hystrix-2.2.3.RELEASE.jar:/Users/yuhao/.m2/repository/org/springframework/boot/spring-boot-starter-aop/2.2.5.RELEASE/spring-boot-starter-aop-2.2.5.RELEASE.jar:/Users/yuhao/.m2/repository/org/aspectj/aspectjweaver/1.9.5/aspectjweaver-1.9.5.jar:/Users/yuhao/.m2/repository/org/apache/httpcomponents/httpclient/4.5.11/httpclient-4.5.11.jar:/Users/yuhao/.m2/repository/org/apache/httpcomponents/httpcore/4.4.13/httpcore-4.4.13.jar:/Users/yuhao/.m2/repository/commons-codec/commons-codec/1.13/commons-codec-1.13.jar:/Users/yuhao/.m2/repository/com/netflix/hystrix/hystrix-core/1.5.18/hystrix-core-1.5.18.jar:/Users/yuhao/.m2/repository/io/reactivex/rxjava/1.3.8/rxjava-1.3.8.jar:/Users/yuhao/.m2/repository/org/hdrhistogram/HdrHistogram/2.1.9/HdrHistogram-2.1.9.jar:/Users/yuhao/.m2/repository/com/netflix/hystrix/hystrix-metrics-event-stream/1.5.18/hystrix-metrics-event-stream-1.5.18.jar:/Users/yuhao/.m2/repository/com/netflix/hystrix/hystrix-serialization/1.5.18/hystrix-serialization-1.5.18.jar:/Users/yuhao/.m2/repository/com/fasterxml/jackson/module/jackson-module-afterburner/2.10.2/jackson-module-afterburner-2.10.2.jar:/Users/yuhao/.m2/repository/org/webjars/jquery/3.4.1/jquery-3.4.1.jar:/Users/yuhao/.m2/repository/org/webjars/d3js/3.4.11/d3js-3.4.11.jar:/Users/yuhao/.m2/repository/org/springframework/cloud/spring-cloud-starter-netflix-archaius/2.2.3.RELEASE/spring-cloud-starter-netflix-archaius-2.2.3.RELEASE.jar:/Users/yuhao/.m2/repository/org/springframework/cloud/spring-cloud-netflix-ribbon/2.2.3.RELEASE/spring-cloud-netflix-ribbon-2.2.3.RELEASE.jar:/Users/yuhao/.m2/repository/org/springframework/cloud/spring-cloud-netflix-archaius/2.2.3.RELEASE/spring-cloud-netflix-archaius-2.2.3.RELEASE.jar:/Users/yuhao/.m2/repository/com/netflix/archaius/archaius-core/0.7.6/archaius-core-0.7.6.jar:/Users/yuhao/.m2/repository/com/google/code/findbugs/jsr305/3.0.1/jsr305-3.0.1.jar:/Users/yuhao/.m2/repository/com/google/guava/guava/29.0-android/guava-29.0-android.jar:/Users/yuhao/.m2/repository/com/google/guava/failureaccess/1.0.1/failureaccess-1.0.1.jar:/Users/yuhao/.m2/repository/com/google/guava/listenablefuture/9999.0-empty-to-avoid-conflict-with-guava/listenablefuture-9999.0-empty-to-avoid-conflict-with-guava.jar:/Users/yuhao/.m2/repository/org/checkerframework/checker-compat-qual/2.5.5/checker-compat-qual-2.5.5.jar:/Users/yuhao/.m2/repository/com/google/errorprone/error_prone_annotations/2.3.4/error_prone_annotations-2.3.4.jar:/Users/yuhao/.m2/repository/com/google/j2objc/j2objc-annotations/1.3/j2objc-annotations-1.3.jar:/Users/yuhao/.m2/repository/commons-configuration/commons-configuration/1.8/commons-configuration-1.8.jar:/Users/yuhao/.m2/repository/commons-lang/commons-lang/2.6/commons-lang-2.6.jar:"/>
    <property name="sun.cpu.endian" value="little"/>
    <property name="user.home" value="/Users/yuhao"/>
    <property name="user.language" value="zh"/>
    <property name="java.specification.vendor" value="Oracle Corporation"/>
    <property name="java.home" value="/Library/Java/JavaVirtualMachines/jdk1.8.0_241.jdk/Contents/Home/jre"/>
    <property name="basedir" value="/Users/yuhao/IdeaProjects/spring-cloud/hystrix-dashboard"/>
    <property name="file.separator" value="/"/>
    <property name="line.separator" value="&#10;"/>
    <property name="java.vm.specification.vendor" value="Oracle Corporation"/>
    <property name="java.specification.name" value="Java Platform API Specification"/>
    <property name="java.awt.graphicsenv" value="sun.awt.CGraphicsEnvironment"/>
    <property name="surefire.real.class.path" value="/Users/yuhao/IdeaProjects/spring-cloud/hystrix-dashboard/target/surefire/surefirebooter5767508687966313386.jar"/>
    <property name="sun.boot.class.path" value="/Library/Java/JavaVirtualMachines/jdk1.8.0_241.jdk/Contents/Home/jre/lib/resources.jar:/Library/Java/JavaVirtualMachines/jdk1.8.0_241.jdk/Contents/Home/jre/lib/rt.jar:/Library/Java/JavaVirtualMachines/jdk1.8.0_241.jdk/Contents/Home/jre/lib/sunrsasign.jar:/Library/Java/JavaVirtualMachines/jdk1.8.0_241.jdk/Contents/Home/jre/lib/jsse.jar:/Library/Java/JavaVirtualMachines/jdk1.8.0_241.jdk/Contents/Home/jre/lib/jce.jar:/Library/Java/JavaVirtualMachines/jdk1.8.0_241.jdk/Contents/Home/jre/lib/charsets.jar:/Library/Java/JavaVirtualMachines/jdk1.8.0_241.jdk/Contents/Home/jre/lib/jfr.jar:/Library/Java/JavaVirtualMachines/jdk1.8.0_241.jdk/Contents/Home/jre/classes"/>
    <property name="sun.management.compiler" value="HotSpot 64-Bit Tiered Compilers"/>
    <property name="java.runtime.version" value="1.8.0_241-b07"/>
    <property name="user.name" value="yuhao"/>
    <property name="path.separator" value=":"/>
    <property name="os.version" value="10.15.5"/>
    <property name="java.endorsed.dirs" value="/Library/Java/JavaVirtualMachines/jdk1.8.0_241.jdk/Contents/Home/jre/lib/endorsed"/>
    <property name="java.runtime.name" value="Java(TM) SE Runtime Environment"/>
    <property name="file.encoding" value="UTF-8"/>
    <property name="java.vm.name" value="Java HotSpot(TM) 64-Bit Server VM"/>
    <property name="localRepository" value="/Users/yuhao/.m2/repository"/>
    <property name="java.vendor.url.bug" value="http://bugreport.sun.com/bugreport/"/>
    <property name="java.io.tmpdir" value="/var/folders/wx/0trnwxf12gqb76fl6pj70_mw0000gn/T/"/>
    <property name="java.version" value="1.8.0_241"/>
    <property name="user.dir" value="/Users/yuhao/IdeaProjects/spring-cloud/hystrix-dashboard"/>
    <property name="os.arch" value="x86_64"/>
    <property name="java.vm.specification.name" value="Java Virtual Machine Specification"/>
    <property name="java.awt.printerjob" value="sun.lwawt.macosx.CPrinterJob"/>
    <property name="sun.os.patch.level" value="unknown"/>
    <property name="idea.version2019.3.4" value="true"/>
    <property name="java.library.path" value="/Users/yuhao/Library/Java/Extensions:/Library/Java/Extensions:/Network/Library/Java/Extensions:/System/Library/Java/Extensions:/usr/lib/java:."/>
    <property name="java.vm.info" value="mixed mode"/>
    <property name="java.vendor" value="Oracle Corporation"/>
    <property name="java.vm.version" value="25.241-b07"/>
    <property name="java.ext.dirs" value="/Users/yuhao/Library/Java/Extensions:/Library/Java/JavaVirtualMachines/jdk1.8.0_241.jdk/Contents/Home/jre/lib/ext:/Library/Java/Extensions:/Network/Library/Java/Extensions:/System/Library/Java/Extensions:/usr/lib/java"/>
    <property name="sun.io.unicode.encoding" value="UnicodeBig"/>
    <property name="java.class.version" value="52.0"/>
  </properties>
  <testcase name="contextLoads" classname="com.example.hystrixdashboard.HystrixDashboardApplicationTests" time="0.238"/>
</testsuite>